i:\stdentmanage\stdentmanage\debug\stdentmanage.pch
i:\stdentmanage\stdentmanage\debug\vc141.pdb
i:\stdentmanage\stdentmanage\debug\vc141.idb
i:\stdentmanage\stdentmanage\debug\pch.obj
i:\stdentmanage\stdentmanage\debug\main.obj
i:\stdentmanage\stdentmanage\debug\managesystem.obj
i:\stdentmanage\stdentmanage\debug\makename.obj
i:\stdentmanage\debug\stdentmanage.exe
i:\stdentmanage\debug\stdentmanage.ilk
i:\stdentmanage\debug\stdentmanage.pdb
f:\stdentmanage\stdentmanage\debug\main.obj
f:\stdentmanage\stdentmanage\debug\makename.obj
f:\stdentmanage\stdentmanage\debug\managesystem.obj
f:\stdentmanage\stdentmanage\debug\pch.obj
f:\stdentmanage\stdentmanage\debug\managesystem.obj.enc
f:\stdentmanage\stdentmanage\debug\stdentmanage.pch
f:\stdentmanage\stdentmanage\debug\vc141.idb
f:\stdentmanage\stdentmanage\debug\vc141.pdb
f:\stdentmanage\debug\stdentmanage.pdb
f:\stdentmanage\debug\stdentmanage.exe
f:\stdentmanage\debug\stdentmanage.ilk
f:\stdentmanage\stdentmanage\debug\stdentmanage.tlog\cl.read.1.tlog.uptodatecheck.tmp
f:\stdentmanage\stdentmanage\debug\stdentmanage.tlog\cl.command.1.tlog
f:\stdentmanage\stdentmanage\debug\stdentmanage.tlog\cl.read.1.tlog
f:\stdentmanage\stdentmanage\debug\stdentmanage.tlog\cl.write.1.tlog
f:\stdentmanage\stdentmanage\debug\stdentmanage.tlog\link.command.1.tlog
f:\stdentmanage\stdentmanage\debug\stdentmanage.tlog\link.read.1.tlog
f:\stdentmanage\stdentmanage\debug\stdentmanage.tlog\link.write.1.tlog
